c:\users\user\documents\globalhookproject\dll\x64\debug\globalhookdll.pch
c:\users\user\documents\globalhookproject\dll\x64\debug\vc141.pdb
c:\users\user\documents\globalhookproject\dll\x64\debug\vc141.idb
c:\users\user\documents\globalhookproject\dll\x64\debug\stdafx.obj
c:\users\user\documents\globalhookproject\dll\x64\debug\globalhookdll.obj
c:\users\user\documents\projects\globalhookproject\dll\x64\debug\globalhookdll.pch
c:\users\user\documents\projects\globalhookproject\dll\x64\debug\vc141.pdb
c:\users\user\documents\projects\globalhookproject\dll\x64\debug\vc141.idb
c:\users\user\documents\projects\globalhookproject\dll\x64\debug\stdafx.obj
c:\users\user\documents\projects\globalhookproject\dll\x64\debug\globalhookdll.obj
c:\users\user\documents\globalhookproject\x64\debug\globalhookdll.lib
c:\users\user\documents\globalhookproject\x64\debug\globalhookdll.exp
c:\users\user\documents\projects\globalhookproject\x64\debug\globalhookdll.lib
c:\users\user\documents\projects\globalhookproject\x64\debug\globalhookdll.exp
c:\users\user\documents\globalhookproject\x64\debug\globalhookdll.dll
c:\users\user\documents\globalhookproject\x64\debug\globalhookdll.ilk
c:\users\user\documents\globalhookproject\x64\debug\globalhookdll.pdb
c:\users\user\documents\projects\globalhookproject\x64\debug\globalhookdll.dll
c:\users\user\documents\projects\globalhookproject\x64\debug\globalhookdll.ilk
c:\users\user\documents\projects\globalhookproject\x64\debug\globalhookdll.pdb
c:\users\user\documents\projects\globalhookproject\dll\x64\debug\dll.pch
c:\users\user\documents\projects\globalhookproject\dll\x64\debug\globalhookdll.tlog\cl.command.1.tlog
c:\users\user\documents\projects\globalhookproject\dll\x64\debug\globalhookdll.tlog\cl.read.1.tlog
c:\users\user\documents\projects\globalhookproject\dll\x64\debug\globalhookdll.tlog\cl.write.1.tlog
c:\users\user\documents\projects\globalhookproject\dll\x64\debug\globalhookdll.tlog\globalhookdll.write.1u.tlog
c:\users\user\documents\projects\globalhookproject\dll\x64\debug\globalhookdll.tlog\link.5320.delete.1.tlog
c:\users\user\documents\projects\globalhookproject\dll\x64\debug\globalhookdll.tlog\link.command.1.tlog
c:\users\user\documents\projects\globalhookproject\dll\x64\debug\globalhookdll.tlog\link.delete.1.tlog
c:\users\user\documents\projects\globalhookproject\dll\x64\debug\globalhookdll.tlog\link.read.1.tlog
c:\users\user\documents\projects\globalhookproject\dll\x64\debug\globalhookdll.tlog\link.write.1.tlog
